  [1m[35m (1.2ms)[0m  [1m[34mSELECT sqlite_version(*)[0m
Started GET "/" for 127.0.0.1 at 2022-10-25 15:37:31 -0700
  [1m[35m (0.5ms)[0m  [1m[34mSELECT sqlite_version(*)[0m
Processing by Rails::WelcomeController#index as HTML
  Rendering /home/usuario/.rvm/gems/ruby-2.7.2@demo/gems/railties-6.1.7/lib/rails/templates/rails/welcome/index.html.erb
  Rendered /home/usuario/.rvm/gems/ruby-2.7.2@demo/gems/railties-6.1.7/lib/rails/templates/rails/welcome/index.html.erb (Duration: 8.7ms | Allocations: 442)
Completed 200 OK in 28ms (Views: 12.6ms | ActiveRecord: 0.0ms | Allocations: 3610)


Started GET "/" for 127.0.0.1 at 2022-10-25 15:42:22 -0700
Processing by Rails::WelcomeController#index as HTML
  Rendering /home/usuario/.rvm/gems/ruby-2.7.2@demo/gems/railties-6.1.7/lib/rails/templates/rails/welcome/index.html.erb
  Rendered /home/usuario/.rvm/gems/ruby-2.7.2@demo/gems/railties-6.1.7/lib/rails/templates/rails/welcome/index.html.erb (Duration: 6.4ms | Allocations: 215)
Completed 200 OK in 9ms (Views: 7.8ms | ActiveRecord: 0.0ms | Allocations: 827)


Started GET "/" for 192.168.18.1 at 2022-10-25 15:57:37 -0700
Cannot render console from 192.168.18.1! Allowed networks: 127.0.0.0/127.255.255.255, ::1
  [1m[35m (0.6ms)[0m  [1m[34mSELECT sqlite_version(*)[0m
Processing by Rails::WelcomeController#index as HTML
  Rendering /home/usuario/.rvm/gems/ruby-2.7.2@demo/gems/railties-6.1.7/lib/rails/templates/rails/welcome/index.html.erb
  Rendered /home/usuario/.rvm/gems/ruby-2.7.2@demo/gems/railties-6.1.7/lib/rails/templates/rails/welcome/index.html.erb (Duration: 9.7ms | Allocations: 336)
Completed 200 OK in 19ms (Views: 11.9ms | ActiveRecord: 0.0ms | Allocations: 2477)


Started GET "/" for 192.168.18.1 at 2022-10-25 16:01:11 -0700
Cannot render console from 192.168.18.1! Allowed networks: 127.0.0.0/127.255.255.255, ::1
Processing by Rails::WelcomeController#index as HTML
  Rendering /home/usuario/.rvm/gems/ruby-2.7.2@demo/gems/railties-6.1.7/lib/rails/templates/rails/welcome/index.html.erb
  Rendered /home/usuario/.rvm/gems/ruby-2.7.2@demo/gems/railties-6.1.7/lib/rails/templates/rails/welcome/index.html.erb (Duration: 19.1ms | Allocations: 215)
Completed 200 OK in 23ms (Views: 21.0ms | ActiveRecord: 0.0ms | Allocations: 827)


Started GET "/say/hello" for 127.0.0.1 at 2022-10-25 16:15:02 -0700
  [1m[35m (0.5ms)[0m  [1m[34mSELECT sqlite_version(*)[0m
Processing by SayController#hello as HTML
  Rendering layout layouts/application.html.erb
  Rendering say/hello.html.erb within layouts/application
  Rendered say/hello.html.erb within layouts/application (Duration: 1.4ms | Allocations: 222)
[Webpacker] Compiling...
[Webpacker] Compiled all packs in /home/usuario/Documents/curso/rails_demo/public/packs
[Webpacker] Hash: 804a8059a304061a3e74
Version: webpack 4.46.0
Time: 2309ms
Built at: 10/25/2022 4:15:07 PM
                                     Asset       Size       Chunks                         Chunk Names
    js/application-271cf8931bb708d2d8bb.js    121 KiB  application  [emitted] [immutable]  application
js/application-271cf8931bb708d2d8bb.js.map    133 KiB  application  [emitted] [dev]        application
                             manifest.json  364 bytes               [emitted]              
Entrypoint application = js/application-271cf8931bb708d2d8bb.js js/application-271cf8931bb708d2d8bb.js.map
[./app/javascript/channels sync recursive _channel\.js$] ./app/javascript/channels sync _channel\.js$ 160 bytes {application} [built]
[./app/javascript/channels/index.js] 211 bytes {application} [built]
[./app/javascript/packs/application.js] 493 bytes {application} [built]
    + 3 hidden modules

  Rendered layout layouts/application.html.erb (Duration: 4973.7ms | Allocations: 17202)
Completed 200 OK in 5003ms (Views: 4976.9ms | ActiveRecord: 0.0ms | Allocations: 19761)


Started GET "/say/hello" for 127.0.0.1 at 2022-10-25 16:16:28 -0700
Processing by SayController#hello as HTML
  Rendering layout layouts/application.html.erb
  Rendering say/hello.html.erb within layouts/application
  Rendered say/hello.html.erb within layouts/application (Duration: 0.4ms | Allocations: 104)
[Webpacker] Everything's up-to-date. Nothing to do
  Rendered layout layouts/application.html.erb (Duration: 9.7ms | Allocations: 3305)
Completed 200 OK in 13ms (Views: 12.1ms | ActiveRecord: 0.0ms | Allocations: 4397)


Started GET "/say/hello" for 127.0.0.1 at 2022-10-25 16:17:22 -0700
Processing by SayController#hello as HTML
  Rendering layout layouts/application.html.erb
  Rendering say/hello.html.erb within layouts/application
  Rendered say/hello.html.erb within layouts/application (Duration: 0.1ms | Allocations: 37)
[Webpacker] Everything's up-to-date. Nothing to do
  Rendered layout layouts/application.html.erb (Duration: 14.1ms | Allocations: 3078)
Completed 200 OK in 16ms (Views: 15.4ms | ActiveRecord: 0.0ms | Allocations: 3405)


Started GET "/say/hello" for 127.0.0.1 at 2022-10-25 16:20:08 -0700
Processing by SayController#hello as HTML
  Rendering layout layouts/application.html.erb
  Rendering say/hello.html.erb within layouts/application
  Rendered say/hello.html.erb within layouts/application (Duration: 0.2ms | Allocations: 37)
[Webpacker] Everything's up-to-date. Nothing to do
  Rendered layout layouts/application.html.erb (Duration: 10.4ms | Allocations: 3066)
Completed 200 OK in 13ms (Views: 12.2ms | ActiveRecord: 0.0ms | Allocations: 3442)


Started GET "/say/hello" for 127.0.0.1 at 2022-10-25 16:24:41 -0700
Processing by SayController#hello as HTML
  Rendering layout layouts/application.html.erb
  Rendering say/hello.html.erb within layouts/application
  Rendered say/hello.html.erb within layouts/application (Duration: 0.6ms | Allocations: 136)
[Webpacker] Everything's up-to-date. Nothing to do
  Rendered layout layouts/application.html.erb (Duration: 15.3ms | Allocations: 3337)
Completed 200 OK in 22ms (Views: 18.9ms | Allocations: 4424)


Started GET "/say/hello" for 127.0.0.1 at 2022-10-25 16:24:43 -0700
Processing by SayController#hello as HTML
  Rendering layout layouts/application.html.erb
  Rendering say/hello.html.erb within layouts/application
  Rendered say/hello.html.erb within layouts/application (Duration: 0.2ms | Allocations: 42)
[Webpacker] Everything's up-to-date. Nothing to do
  Rendered layout layouts/application.html.erb (Duration: 16.3ms | Allocations: 3071)
Completed 200 OK in 18ms (Views: 17.3ms | Allocations: 3450)


Started GET "/say/hello" for 127.0.0.1 at 2022-10-25 16:24:44 -0700
Processing by SayController#hello as HTML
  Rendering layout layouts/application.html.erb
  Rendering say/hello.html.erb within layouts/application
  Rendered say/hello.html.erb within layouts/application (Duration: 0.1ms | Allocations: 42)
[Webpacker] Everything's up-to-date. Nothing to do
  Rendered layout layouts/application.html.erb (Duration: 26.2ms | Allocations: 3068)
Completed 200 OK in 29ms (Views: 27.4ms | Allocations: 3441)


Started GET "/say/hello" for 127.0.0.1 at 2022-10-25 16:26:10 -0700
Processing by SayController#hello as HTML
  Rendering layout layouts/application.html.erb
  Rendering say/hello.html.erb within layouts/application
  Rendered say/hello.html.erb within layouts/application (Duration: 35.8ms | Allocations: 7356)
  Rendered layout layouts/application.html.erb (Duration: 43.6ms | Allocations: 7421)
Completed 500 Internal Server Error in 49ms (Allocations: 8486)


  
ActionView::Template::Error (undefined local variable or method `time' for #<ActionView::Base:0x00000000008a98>
Did you mean?  timeout):
    1: <h1>Hello from rails!</h1>
    2: <p>
    3:     It is now <%= time.now %>
    4: </p>
  
app/views/say/hello.html.erb:3
Started GET "/say/hello" for 127.0.0.1 at 2022-10-25 16:31:14 -0700
Processing by SayController#hello as HTML
  Rendering layout layouts/application.html.erb
  Rendering say/hello.html.erb within layouts/application
  Rendered say/hello.html.erb within layouts/application (Duration: 1.1ms | Allocations: 167)
[Webpacker] Everything's up-to-date. Nothing to do
  Rendered layout layouts/application.html.erb (Duration: 7.6ms | Allocations: 3511)
Completed 200 OK in 19ms (Views: 16.5ms | Allocations: 4692)


Started GET "/say/hello" for 127.0.0.1 at 2022-10-25 16:32:00 -0700
Processing by SayController#hello as HTML
  Rendering layout layouts/application.html.erb
  Rendering say/hello.html.erb within layouts/application
  Rendered say/hello.html.erb within layouts/application (Duration: 0.6ms | Allocations: 164)
[Webpacker] Everything's up-to-date. Nothing to do
  Rendered layout layouts/application.html.erb (Duration: 6.6ms | Allocations: 3326)
Completed 200 OK in 11ms (Views: 8.9ms | Allocations: 4415)


Started GET "/say/hello" for 127.0.0.1 at 2022-10-25 16:32:27 -0700
Processing by SayController#hello as HTML
  Rendering layout layouts/application.html.erb
  Rendering say/hello.html.erb within layouts/application
  Rendered say/hello.html.erb within layouts/application (Duration: 0.1ms | Allocations: 37)
[Webpacker] Everything's up-to-date. Nothing to do
  Rendered layout layouts/application.html.erb (Duration: 7.1ms | Allocations: 3069)
Completed 200 OK in 10ms (Views: 8.3ms | Allocations: 3562)


Started GET "/say/hello" for 127.0.0.1 at 2022-10-25 16:32:42 -0700
Processing by SayController#hello as HTML
  Rendering layout layouts/application.html.erb
  Rendering say/hello.html.erb within layouts/application
  Rendered say/hello.html.erb within layouts/application (Duration: 0.2ms | Allocations: 42)
[Webpacker] Everything's up-to-date. Nothing to do
  Rendered layout layouts/application.html.erb (Duration: 14.5ms | Allocations: 3043)
Completed 200 OK in 17ms (Views: 15.8ms | Allocations: 3540)


Started GET "/say/hello" for 127.0.0.1 at 2022-10-25 16:33:59 -0700
Processing by SayController#hello as HTML
  Rendering layout layouts/application.html.erb
  Rendering say/hello.html.erb within layouts/application
  Rendered say/hello.html.erb within layouts/application (Duration: 0.4ms | Allocations: 41)
[Webpacker] Everything's up-to-date. Nothing to do
  Rendered layout layouts/application.html.erb (Duration: 14.0ms | Allocations: 3067)
Completed 200 OK in 17ms (Views: 15.3ms | Allocations: 3443)


Started GET "/say/hello" for 127.0.0.1 at 2022-10-25 16:40:57 -0700
Processing by SayController#hello as HTML
  Rendering layout layouts/application.html.erb
  Rendering say/hello.html.erb within layouts/application
  Rendered say/hello.html.erb within layouts/application (Duration: 0.7ms | Allocations: 177)
[Webpacker] Everything's up-to-date. Nothing to do
  Rendered layout layouts/application.html.erb (Duration: 10.6ms | Allocations: 3376)
Completed 200 OK in 15ms (Views: 13.4ms | Allocations: 4465)


Started GET "/say/goodbye" for 127.0.0.1 at 2022-10-25 16:40:59 -0700
Processing by SayController#goodbye as HTML
  Rendering layout layouts/application.html.erb
  Rendering say/goodbye.html.erb within layouts/application
  Rendered say/goodbye.html.erb within layouts/application (Duration: 1.0ms | Allocations: 111)
[Webpacker] Everything's up-to-date. Nothing to do
  Rendered layout layouts/application.html.erb (Duration: 14.7ms | Allocations: 3140)
Completed 200 OK in 18ms (Views: 16.1ms | Allocations: 3643)


Started GET "/Say/hello" for 127.0.0.1 at 2022-10-25 16:40:59 -0700
  
ActionController::RoutingError (No route matches [GET] "/Say/hello"):
  
Started GET "/Say/hello" for 127.0.0.1 at 2022-10-25 16:41:13 -0700
  
ActionController::RoutingError (No route matches [GET] "/Say/hello"):
  
Started GET "/say/goodbye" for 127.0.0.1 at 2022-10-25 16:41:15 -0700
Processing by SayController#goodbye as HTML
  Rendering layout layouts/application.html.erb
  Rendering say/goodbye.html.erb within layouts/application
  Rendered say/goodbye.html.erb within layouts/application (Duration: 0.4ms | Allocations: 113)
[Webpacker] Everything's up-to-date. Nothing to do
  Rendered layout layouts/application.html.erb (Duration: 9.6ms | Allocations: 3322)
Completed 200 OK in 13ms (Views: 12.0ms | Allocations: 4407)


Started GET "/say/hello" for 127.0.0.1 at 2022-10-25 16:41:16 -0700
Processing by SayController#hello as HTML
  Rendering layout layouts/application.html.erb
  Rendering say/hello.html.erb within layouts/application
  Rendered say/hello.html.erb within layouts/application (Duration: 0.8ms | Allocations: 173)
[Webpacker] Everything's up-to-date. Nothing to do
  Rendered layout layouts/application.html.erb (Duration: 12.5ms | Allocations: 3212)
Completed 200 OK in 19ms (Views: 14.4ms | Allocations: 3718)


Started GET "/say/goodbye" for 127.0.0.1 at 2022-10-25 16:41:17 -0700
Processing by SayController#goodbye as HTML
  Rendering layout layouts/application.html.erb
  Rendering say/goodbye.html.erb within layouts/application
  Rendered say/goodbye.html.erb within layouts/application (Duration: 0.1ms | Allocations: 37)
[Webpacker] Everything's up-to-date. Nothing to do
  Rendered layout layouts/application.html.erb (Duration: 16.5ms | Allocations: 3063)
Completed 200 OK in 19ms (Views: 18.1ms | Allocations: 3439)


Started GET "/say/hello" for 127.0.0.1 at 2022-10-25 16:41:17 -0700
Processing by SayController#hello as HTML
  Rendering layout layouts/application.html.erb
  Rendering say/hello.html.erb within layouts/application
  Rendered say/hello.html.erb within layouts/application (Duration: 0.2ms | Allocations: 41)
[Webpacker] Everything's up-to-date. Nothing to do
  Rendered layout layouts/application.html.erb (Duration: 16.2ms | Allocations: 3067)
Completed 200 OK in 33ms (Views: 32.0ms | Allocations: 3445)


Started GET "/say/goodbye" for 127.0.0.1 at 2022-10-25 16:41:17 -0700
Processing by SayController#goodbye as HTML
  Rendering layout layouts/application.html.erb
  Rendering say/goodbye.html.erb within layouts/application
  Rendered say/goodbye.html.erb within layouts/application (Duration: 0.1ms | Allocations: 37)
[Webpacker] Everything's up-to-date. Nothing to do
  Rendered layout layouts/application.html.erb (Duration: 36.7ms | Allocations: 3063)
Completed 200 OK in 39ms (Views: 37.7ms | Allocations: 3438)


Started GET "/say/hello" for 127.0.0.1 at 2022-10-25 16:41:18 -0700
Processing by SayController#hello as HTML
  Rendering layout layouts/application.html.erb
  Rendering say/hello.html.erb within layouts/application
  Rendered say/hello.html.erb within layouts/application (Duration: 0.2ms | Allocations: 41)
[Webpacker] Everything's up-to-date. Nothing to do
  Rendered layout layouts/application.html.erb (Duration: 28.4ms | Allocations: 3067)
Completed 200 OK in 36ms (Views: 34.8ms | Allocations: 3446)


Started GET "/" for 127.0.0.1 at 2022-10-25 16:42:22 -0700
Processing by Rails::WelcomeController#index as HTML
  Rendering /home/usuario/.rvm/gems/ruby-2.7.2@demo/gems/railties-6.1.7/lib/rails/templates/rails/welcome/index.html.erb
  Rendered /home/usuario/.rvm/gems/ruby-2.7.2@demo/gems/railties-6.1.7/lib/rails/templates/rails/welcome/index.html.erb (Duration: 16.0ms | Allocations: 219)
Completed 200 OK in 28ms (Views: 17.8ms | Allocations: 881)


Started GET "/say/goodbye" for 127.0.0.1 at 2022-10-25 16:42:24 -0700
Processing by SayController#goodbye as HTML
  Rendering layout layouts/application.html.erb
  Rendering say/goodbye.html.erb within layouts/application
  Rendered say/goodbye.html.erb within layouts/application (Duration: 0.7ms | Allocations: 180)
[Webpacker] Everything's up-to-date. Nothing to do
  Rendered layout layouts/application.html.erb (Duration: 22.5ms | Allocations: 3608)
Completed 200 OK in 33ms (Views: 31.0ms | Allocations: 4885)


Started GET "/say/hello" for 127.0.0.1 at 2022-10-25 16:42:26 -0700
Processing by SayController#hello as HTML
  Rendering layout layouts/application.html.erb
  Rendering say/hello.html.erb within layouts/application
  Rendered say/hello.html.erb within layouts/application (Duration: 0.8ms | Allocations: 173)
[Webpacker] Everything's up-to-date. Nothing to do
  Rendered layout layouts/application.html.erb (Duration: 24.6ms | Allocations: 3202)
Completed 200 OK in 36ms (Views: 27.8ms | Allocations: 3707)


Started GET "/say/hello" for 127.0.0.1 at 2022-10-25 16:45:30 -0700
Processing by SayController#hello as HTML
  Rendering layout layouts/application.html.erb
  Rendering say/hello.html.erb within layouts/application
  Rendered say/hello.html.erb within layouts/application (Duration: 1.6ms | Allocations: 254)
[Webpacker] Everything's up-to-date. Nothing to do
  Rendered layout layouts/application.html.erb (Duration: 16.6ms | Allocations: 3452)
Completed 200 OK in 23ms (Views: 19.9ms | Allocations: 4535)


Started GET "/say/goodbye" for 127.0.0.1 at 2022-10-25 16:45:31 -0700
Processing by SayController#goodbye as HTML
  Rendering layout layouts/application.html.erb
  Rendering say/goodbye.html.erb within layouts/application
  Rendered say/goodbye.html.erb within layouts/application (Duration: 0.4ms | Allocations: 108)
[Webpacker] Everything's up-to-date. Nothing to do
  Rendered layout layouts/application.html.erb (Duration: 14.4ms | Allocations: 3137)
Completed 200 OK in 17ms (Views: 15.3ms | Allocations: 3638)


Started GET "/say/hello" for 127.0.0.1 at 2022-10-25 16:45:32 -0700
Processing by SayController#hello as HTML
  Rendering layout layouts/application.html.erb
  Rendering say/hello.html.erb within layouts/application
  Rendered say/hello.html.erb within layouts/application (Duration: 0.4ms | Allocations: 82)
[Webpacker] Everything's up-to-date. Nothing to do
  Rendered layout layouts/application.html.erb (Duration: 25.8ms | Allocations: 3107)
Completed 200 OK in 28ms (Views: 27.1ms | Allocations: 3486)


Started GET "/say/goodbye" for 127.0.0.1 at 2022-10-25 16:45:32 -0700
Processing by SayController#goodbye as HTML
  Rendering layout layouts/application.html.erb
  Rendering say/goodbye.html.erb within layouts/application
  Rendered say/goodbye.html.erb within layouts/application (Duration: 0.1ms | Allocations: 37)
[Webpacker] Everything's up-to-date. Nothing to do
  Rendered layout layouts/application.html.erb (Duration: 21.2ms | Allocations: 3063)
Completed 200 OK in 24ms (Views: 22.6ms | Allocations: 3438)


Started GET "/say/hello" for 127.0.0.1 at 2022-10-25 16:45:32 -0700
Processing by SayController#hello as HTML
  Rendering layout layouts/application.html.erb
  Rendering say/hello.html.erb within layouts/application
  Rendered say/hello.html.erb within layouts/application (Duration: 6.8ms | Allocations: 77)
[Webpacker] Everything's up-to-date. Nothing to do
  Rendered layout layouts/application.html.erb (Duration: 25.1ms | Allocations: 3102)
Completed 200 OK in 28ms (Views: 26.8ms | Allocations: 3492)


Started GET "/say/goodbye" for 127.0.0.1 at 2022-10-25 16:45:33 -0700
Processing by SayController#goodbye as HTML
  Rendering layout layouts/application.html.erb
  Rendering say/goodbye.html.erb within layouts/application
  Rendered say/goodbye.html.erb within layouts/application (Duration: 0.1ms | Allocations: 37)
[Webpacker] Everything's up-to-date. Nothing to do
  Rendered layout layouts/application.html.erb (Duration: 22.4ms | Allocations: 3063)
Completed 200 OK in 28ms (Views: 26.4ms | Allocations: 3438)


Started GET "/say/hello" for 127.0.0.1 at 2022-10-25 16:45:33 -0700
Processing by SayController#hello as HTML
  Rendering layout layouts/application.html.erb
  Rendering say/hello.html.erb within layouts/application
  Rendered say/hello.html.erb within layouts/application (Duration: 0.4ms | Allocations: 77)
[Webpacker] Everything's up-to-date. Nothing to do
  Rendered layout layouts/application.html.erb (Duration: 42.1ms | Allocations: 3122)
Completed 200 OK in 48ms (Views: 46.6ms | Allocations: 3501)


Started GET "/say/hello" for 127.0.0.1 at 2022-10-25 16:45:44 -0700
Processing by SayController#hello as HTML
  Rendering layout layouts/application.html.erb
  Rendering say/hello.html.erb within layouts/application
  Rendered say/hello.html.erb within layouts/application (Duration: 0.9ms | Allocations: 245)
[Webpacker] Everything's up-to-date. Nothing to do
  Rendered layout layouts/application.html.erb (Duration: 11.6ms | Allocations: 3456)
Completed 200 OK in 15ms (Views: 13.7ms | Allocations: 4545)


Started GET "/say/goodbye" for 127.0.0.1 at 2022-10-25 16:45:45 -0700
Processing by SayController#goodbye as HTML
  Rendering layout layouts/application.html.erb
  Rendering say/goodbye.html.erb within layouts/application
  Rendered say/goodbye.html.erb within layouts/application (Duration: 2.0ms | Allocations: 108)
[Webpacker] Everything's up-to-date. Nothing to do
  Rendered layout layouts/application.html.erb (Duration: 17.2ms | Allocations: 3142)
Completed 200 OK in 21ms (Views: 19.1ms | Allocations: 3645)


Started GET "/say/goodbye" for 127.0.0.1 at 2022-10-25 16:45:58 -0700
Processing by SayController#goodbye as HTML
  Rendering layout layouts/application.html.erb
  Rendering say/goodbye.html.erb within layouts/application
  Rendered say/goodbye.html.erb within layouts/application (Duration: 0.5ms | Allocations: 108)
[Webpacker] Everything's up-to-date. Nothing to do
  Rendered layout layouts/application.html.erb (Duration: 6.0ms | Allocations: 3307)
Completed 200 OK in 17ms (Views: 14.8ms | Allocations: 4387)


Started GET "/say/hello" for 127.0.0.1 at 2022-10-25 16:45:59 -0700
Processing by SayController#hello as HTML
  Rendering layout layouts/application.html.erb
  Rendering say/hello.html.erb within layouts/application
  Rendered say/hello.html.erb within layouts/application (Duration: 2.4ms | Allocations: 241)
[Webpacker] Everything's up-to-date. Nothing to do
  Rendered layout layouts/application.html.erb (Duration: 16.1ms | Allocations: 3269)
Completed 200 OK in 21ms (Views: 18.3ms | Allocations: 3774)


Started GET "/say/goodbye" for 127.0.0.1 at 2022-10-25 16:45:59 -0700
Processing by SayController#goodbye as HTML
  Rendering layout layouts/application.html.erb
  Rendering say/goodbye.html.erb within layouts/application
  Rendered say/goodbye.html.erb within layouts/application (Duration: 0.1ms | Allocations: 37)
[Webpacker] Everything's up-to-date. Nothing to do
  Rendered layout layouts/application.html.erb (Duration: 10.6ms | Allocations: 3063)
Completed 200 OK in 13ms (Views: 11.7ms | Allocations: 3440)


Started GET "/say/hello" for 127.0.0.1 at 2022-10-25 16:46:00 -0700
Processing by SayController#hello as HTML
  Rendering layout layouts/application.html.erb
  Rendering say/hello.html.erb within layouts/application
  Rendered say/hello.html.erb within layouts/application (Duration: 1.0ms | Allocations: 77)
[Webpacker] Everything's up-to-date. Nothing to do
  Rendered layout layouts/application.html.erb (Duration: 29.1ms | Allocations: 3102)
Completed 200 OK in 36ms (Views: 34.9ms | Allocations: 3480)


Started GET "/say/hello" for 127.0.0.1 at 2022-10-25 16:47:03 -0700
Processing by SayController#hello as HTML
  Rendering layout layouts/application.html.erb
  Rendering say/hello.html.erb within layouts/application
  Rendered say/hello.html.erb within layouts/application (Duration: 2.3ms | Allocations: 241)
[Webpacker] Everything's up-to-date. Nothing to do
  Rendered layout layouts/application.html.erb (Duration: 8.5ms | Allocations: 3439)
Completed 200 OK in 14ms (Views: 11.3ms | Allocations: 4526)


Started GET "/say/goodbye" for 127.0.0.1 at 2022-10-25 16:47:04 -0700
Processing by SayController#goodbye as HTML
  Rendering layout layouts/application.html.erb
  Rendering say/goodbye.html.erb within layouts/application
  Rendered say/goodbye.html.erb within layouts/application (Duration: 0.6ms | Allocations: 197)
[Webpacker] Everything's up-to-date. Nothing to do
  Rendered layout layouts/application.html.erb (Duration: 16.5ms | Allocations: 3225)
Completed 200 OK in 24ms (Views: 21.5ms | Allocations: 3727)


Started GET "/say/hello" for 127.0.0.1 at 2022-10-25 16:47:05 -0700
Processing by SayController#hello as HTML
  Rendering layout layouts/application.html.erb
  Rendering say/hello.html.erb within layouts/application
  Rendered say/hello.html.erb within layouts/application (Duration: 1.3ms | Allocations: 78)
[Webpacker] Everything's up-to-date. Nothing to do
  Rendered layout layouts/application.html.erb (Duration: 12.3ms | Allocations: 3125)
Completed 200 OK in 15ms (Views: 13.9ms | Allocations: 3504)


Started GET "/say/hello" for 127.0.0.1 at 2022-10-25 16:47:43 -0700
Processing by SayController#hello as HTML
  Rendering layout layouts/application.html.erb
  Rendering say/hello.html.erb within layouts/application
  Rendered say/hello.html.erb within layouts/application (Duration: 3.7ms | Allocations: 260)
[Webpacker] Everything's up-to-date. Nothing to do
  Rendered layout layouts/application.html.erb (Duration: 16.5ms | Allocations: 3458)
Completed 200 OK in 24ms (Views: 22.1ms | Allocations: 4542)


Started GET "/say/goodbye" for 127.0.0.1 at 2022-10-25 16:47:51 -0700
Processing by SayController#goodbye as HTML
  Rendering layout layouts/application.html.erb
  Rendering say/goodbye.html.erb within layouts/application
  Rendered say/goodbye.html.erb within layouts/application (Duration: 0.6ms | Allocations: 212)
[Webpacker] Everything's up-to-date. Nothing to do
  Rendered layout layouts/application.html.erb (Duration: 17.1ms | Allocations: 3240)
Completed 200 OK in 19ms (Views: 17.9ms | Allocations: 3741)


Started GET "/say/hello" for 127.0.0.1 at 2022-10-25 16:47:51 -0700
Processing by SayController#hello as HTML
  Rendering layout layouts/application.html.erb
  Rendering say/hello.html.erb within layouts/application
  Rendered say/hello.html.erb within layouts/application (Duration: 0.3ms | Allocations: 88)
[Webpacker] Everything's up-to-date. Nothing to do
  Rendered layout layouts/application.html.erb (Duration: 7.2ms | Allocations: 3113)
Completed 200 OK in 12ms (Views: 11.1ms | Allocations: 3492)


Started GET "/say/goodbye" for 127.0.0.1 at 2022-10-25 16:47:52 -0700
Processing by SayController#goodbye as HTML
  Rendering layout layouts/application.html.erb
  Rendering say/goodbye.html.erb within layouts/application
  Rendered say/goodbye.html.erb within layouts/application (Duration: 0.3ms | Allocations: 83)
[Webpacker] Everything's up-to-date. Nothing to do
  Rendered layout layouts/application.html.erb (Duration: 13.4ms | Allocations: 3108)
Completed 200 OK in 17ms (Views: 15.6ms | Allocations: 3483)


Started GET "/say/hello" for 127.0.0.1 at 2022-10-25 16:47:54 -0700
Processing by SayController#hello as HTML
  Rendering layout layouts/application.html.erb
  Rendering say/hello.html.erb within layouts/application
  Rendered say/hello.html.erb within layouts/application (Duration: 1.6ms | Allocations: 87)
[Webpacker] Everything's up-to-date. Nothing to do
  Rendered layout layouts/application.html.erb (Duration: 16.3ms | Allocations: 3122)
Completed 200 OK in 29ms (Views: 27.8ms | Allocations: 3501)


Started GET "/say/hello" for 127.0.0.1 at 2022-10-25 16:48:06 -0700
Processing by SayController#hello as HTML
  Rendering layout layouts/application.html.erb
  Rendering say/hello.html.erb within layouts/application
  Rendered say/hello.html.erb within layouts/application (Duration: 1.6ms | Allocations: 267)
[Webpacker] Everything's up-to-date. Nothing to do
  Rendered layout layouts/application.html.erb (Duration: 13.2ms | Allocations: 3475)
Completed 200 OK in 21ms (Views: 19.4ms | Allocations: 4564)


Started GET "/say/hello" for 127.0.0.1 at 2022-10-25 16:48:16 -0700
Processing by SayController#hello as HTML
  Rendering layout layouts/application.html.erb
  Rendering say/hello.html.erb within layouts/application
  Rendered say/hello.html.erb within layouts/application (Duration: 1.5ms | Allocations: 260)
[Webpacker] Everything's up-to-date. Nothing to do
  Rendered layout layouts/application.html.erb (Duration: 16.7ms | Allocations: 3458)
Completed 200 OK in 25ms (Views: 23.6ms | Allocations: 4541)


Started GET "/say/goodbye" for 127.0.0.1 at 2022-10-25 16:48:17 -0700
Processing by SayController#goodbye as HTML
  Rendering layout layouts/application.html.erb
  Rendering say/goodbye.html.erb within layouts/application
  Rendered say/goodbye.html.erb within layouts/application (Duration: 2.3ms | Allocations: 214)
[Webpacker] Everything's up-to-date. Nothing to do
  Rendered layout layouts/application.html.erb (Duration: 15.2ms | Allocations: 3242)
Completed 200 OK in 21ms (Views: 16.9ms | Allocations: 3744)


Started GET "/say/goodbye" for 127.0.0.1 at 2022-10-25 16:48:17 -0700
Processing by SayController#goodbye as HTML
  Rendering layout layouts/application.html.erb
  Rendering say/goodbye.html.erb within layouts/application
  Rendered say/goodbye.html.erb within layouts/application (Duration: 0.4ms | Allocations: 83)
[Webpacker] Everything's up-to-date. Nothing to do
  Rendered layout layouts/application.html.erb (Duration: 12.6ms | Allocations: 3108)
Completed 200 OK in 14ms (Views: 13.5ms | Allocations: 3484)


Started GET "/say/hello" for 127.0.0.1 at 2022-10-25 16:48:17 -0700
Processing by SayController#hello as HTML
  Rendering layout layouts/application.html.erb
  Rendering say/hello.html.erb within layouts/application
  Rendered say/hello.html.erb within layouts/application (Duration: 0.4ms | Allocations: 88)
[Webpacker] Everything's up-to-date. Nothing to do
  Rendered layout layouts/application.html.erb (Duration: 9.9ms | Allocations: 3113)
Completed 200 OK in 16ms (Views: 15.2ms | Allocations: 3492)


Started GET "/say/goodbye" for 127.0.0.1 at 2022-10-25 16:48:18 -0700
Processing by SayController#goodbye as HTML
  Rendering layout layouts/application.html.erb
  Rendering say/goodbye.html.erb within layouts/application
  Rendered say/goodbye.html.erb within layouts/application (Duration: 0.6ms | Allocations: 83)
[Webpacker] Everything's up-to-date. Nothing to do
  Rendered layout layouts/application.html.erb (Duration: 16.7ms | Allocations: 3108)
Completed 200 OK in 22ms (Views: 20.4ms | Allocations: 3483)


Started GET "/say/hello" for 127.0.0.1 at 2022-10-25 16:48:18 -0700
Processing by SayController#hello as HTML
  Rendering layout layouts/application.html.erb
  Rendering say/hello.html.erb within layouts/application
  Rendered say/hello.html.erb within layouts/application (Duration: 0.4ms | Allocations: 87)
[Webpacker] Everything's up-to-date. Nothing to do
  Rendered layout layouts/application.html.erb (Duration: 11.8ms | Allocations: 3112)
Completed 200 OK in 14ms (Views: 12.9ms | Allocations: 3490)


Started GET "/welcome/index" for 127.0.0.1 at 2022-10-26 15:04:01 -0700
  [1m[35m (1.7ms)[0m  [1m[34mSELECT sqlite_version(*)[0m
Processing by WelcomeController#index as HTML
  Rendering layout layouts/application.html.erb
  Rendering welcome/index.html.erb within layouts/application
  Rendered welcome/index.html.erb within layouts/application (Duration: 1.1ms | Allocations: 239)
[Webpacker] Everything's up-to-date. Nothing to do
  Rendered layout layouts/application.html.erb (Duration: 63.8ms | Allocations: 16939)
Completed 200 OK in 91ms (Views: 68.9ms | ActiveRecord: 0.0ms | Allocations: 19514)


Started GET "/welcome/index" for 127.0.0.1 at 2022-10-26 15:04:41 -0700
Processing by WelcomeController#index as HTML
  Rendering layout layouts/application.html.erb
  Rendering welcome/index.html.erb within layouts/application
  Rendered welcome/index.html.erb within layouts/application (Duration: 0.8ms | Allocations: 121)
[Webpacker] Everything's up-to-date. Nothing to do
  Rendered layout layouts/application.html.erb (Duration: 14.1ms | Allocations: 3380)
Completed 200 OK in 24ms (Views: 20.8ms | ActiveRecord: 0.0ms | Allocations: 4476)


Started GET "/welcome/index" for 127.0.0.1 at 2022-10-26 15:08:50 -0700
Processing by WelcomeController#index as HTML
  Rendering layout layouts/application.html.erb
  Rendering welcome/index.html.erb within layouts/application
  Rendered welcome/index.html.erb within layouts/application (Duration: 0.2ms | Allocations: 38)
[Webpacker] Everything's up-to-date. Nothing to do
  Rendered layout layouts/application.html.erb (Duration: 18.3ms | Allocations: 3137)
Completed 200 OK in 21ms (Views: 20.1ms | ActiveRecord: 0.0ms | Allocations: 3467)


Started GET "/welcome/index" for 127.0.0.1 at 2022-10-26 15:15:30 -0700
Processing by WelcomeController#index as HTML
  Rendering layout layouts/application.html.erb
  Rendering welcome/index.html.erb within layouts/application
  Rendered welcome/index.html.erb within layouts/application (Duration: 0.1ms | Allocations: 38)
[Webpacker] Everything's up-to-date. Nothing to do
  Rendered layout layouts/application.html.erb (Duration: 8.0ms | Allocations: 3132)
Completed 200 OK in 11ms (Views: 10.4ms | Allocations: 3511)


